<?xml version="1.0" encoding="UTF-8"?>
<testsuite name="com.report.testrail.TestrailApplicationTests" tests="3" skipped="0" failures="0" errors="0" timestamp="2021-09-02T13:14:18" hostname="PF2PHXK6" time="0.035">
  <properties/>
  <testcase name="testAssertTrueTwo()" classname="com.report.testrail.TestrailApplicationTests" time="0.026"/>
  <testcase name="testAssertFalse()" classname="com.report.testrail.TestrailApplicationTests" time="0.003"/>
  <testcase name="testAssertTrue()" classname="com.report.testrail.TestrailApplicationTests" time="0.001"/>
  <system-out><![CDATA[]]></system-out>
  <system-err><![CDATA[]]></system-err>
</testsuite>
